2023-04-02 20:01:29 DEBUG - Starting new HTTPS connection (1): checkip.amazonaws.com:443)
2023-04-02 20:01:29 DEBUG - https://checkip.amazonaws.com:443 "GET / HTTP/1.1" 200 14)
2023-04-02 20:01:29 DEBUG - Encoding detection: ascii is most likely the one.)
2023-04-02 20:01:29 DEBUG - Starting new HTTPS connection (1): api.gradio.app:443)
2023-04-02 20:01:29 DEBUG - Starting new HTTPS connection (1): api.gradio.app:443)
2023-04-02 20:01:31 DEBUG - https://api.gradio.app:443 "GET /pkg-version HTTP/1.1" 200 21)
2023-04-02 20:01:31 DEBUG - entering code: StateBlock(line=0,level=0,tokens=0), 0, 1, False)
2023-04-02 20:01:31 DEBUG - entering fence: StateBlock(line=0,level=0,tokens=0), 0, 1, False)
2023-04-02 20:01:31 DEBUG - entering blockquote: StateBlock(line=0,level=0,tokens=0), 0, 1, False)
2023-04-02 20:01:31 DEBUG - entering hr: StateBlock(line=0,level=0,tokens=0), 0, 1, False)
2023-04-02 20:01:31 DEBUG - entering list: StateBlock(line=0,level=0,tokens=0), 0, 1, False)
2023-04-02 20:01:31 DEBUG - entering reference: StateBlock(line=0,level=0,tokens=0), 0, 1, False)
2023-04-02 20:01:31 DEBUG - entering html_block: StateBlock(line=0,level=0,tokens=0), 0, 1, False)
2023-04-02 20:01:31 DEBUG - Using selector: SelectSelector)
2023-04-02 20:01:31 DEBUG - Using selector: SelectSelector)
2023-04-02 20:01:31 DEBUG - https://api.gradio.app:443 "POST /gradio-initiated-analytics/ HTTP/1.1" 200 None)
2023-04-02 20:01:31 DEBUG - Starting new HTTP connection (1): 127.0.0.1:7860)
2023-04-02 20:01:31 DEBUG - http://127.0.0.1:7860 "GET /startup-events HTTP/1.1" 200 5)
2023-04-02 20:01:31 DEBUG - Starting new HTTP connection (1): 127.0.0.1:7860)
2023-04-02 20:01:32 DEBUG - http://127.0.0.1:7860 "HEAD / HTTP/1.1" 200 0)
2023-04-02 20:01:32 DEBUG - Starting new HTTPS connection (1): api.gradio.app:443)
2023-04-02 20:01:37 DEBUG - https://api.gradio.app:443 "GET /v2/tunnel-request HTTP/1.1" 200 None)
2023-04-02 20:01:42 DEBUG - Starting new HTTPS connection (1): api.gradio.app:443)
2023-04-02 20:01:42 DEBUG - Starting new HTTPS connection (1): api.gradio.app:443)
2023-04-02 20:01:43 DEBUG - https://api.gradio.app:443 "POST /gradio-launched-analytics/ HTTP/1.1" 200 None)
2023-04-02 20:01:43 DEBUG - https://api.gradio.app:443 "POST /gradio-launched-telemetry/ HTTP/1.1" 200 None)
2023-04-02 20:07:00 DEBUG - https://api.gradio.app:443 "GET /gradio-messaging/en HTTP/1.1" 200 3)
2023-04-02 20:07:01 DEBUG - Starting new HTTPS connection (1): checkip.amazonaws.com:443)
2023-04-02 20:07:02 DEBUG - https://checkip.amazonaws.com:443 "GET / HTTP/1.1" 200 14)
2023-04-02 20:07:02 DEBUG - Encoding detection: ascii is most likely the one.)
2023-04-02 20:07:02 DEBUG - Starting new HTTPS connection (1): api.gradio.app:443)
2023-04-02 20:07:02 DEBUG - Starting new HTTPS connection (1): api.gradio.app:443)
2023-04-02 20:07:03 DEBUG - https://api.gradio.app:443 "GET /pkg-version HTTP/1.1" 200 21)
2023-04-02 20:07:03 DEBUG - entering code: StateBlock(line=0,level=0,tokens=0), 0, 1, False)
2023-04-02 20:07:03 DEBUG - entering fence: StateBlock(line=0,level=0,tokens=0), 0, 1, False)
2023-04-02 20:07:03 DEBUG - entering blockquote: StateBlock(line=0,level=0,tokens=0), 0, 1, False)
2023-04-02 20:07:03 DEBUG - entering hr: StateBlock(line=0,level=0,tokens=0), 0, 1, False)
2023-04-02 20:07:03 DEBUG - entering list: StateBlock(line=0,level=0,tokens=0), 0, 1, False)
2023-04-02 20:07:03 DEBUG - entering reference: StateBlock(line=0,level=0,tokens=0), 0, 1, False)
2023-04-02 20:07:03 DEBUG - entering html_block: StateBlock(line=0,level=0,tokens=0), 0, 1, False)
2023-04-02 20:07:03 DEBUG - Using selector: SelectSelector)
2023-04-02 20:07:03 DEBUG - Using selector: SelectSelector)
2023-04-02 20:07:03 DEBUG - Starting new HTTP connection (1): 127.0.0.1:7860)
2023-04-02 20:07:03 DEBUG - http://127.0.0.1:7860 "GET /startup-events HTTP/1.1" 200 5)
2023-04-02 20:07:03 DEBUG - Starting new HTTP connection (1): 127.0.0.1:7860)
2023-04-02 20:07:03 DEBUG - http://127.0.0.1:7860 "HEAD / HTTP/1.1" 200 0)
2023-04-02 20:07:03 DEBUG - Starting new HTTPS connection (1): api.gradio.app:443)
2023-04-02 20:07:03 DEBUG - https://api.gradio.app:443 "POST /gradio-initiated-analytics/ HTTP/1.1" 200 None)
2023-04-02 20:07:15 DEBUG - https://api.gradio.app:443 "GET /v2/tunnel-request HTTP/1.1" 200 None)
2023-04-02 20:07:18 DEBUG - Starting new HTTPS connection (1): api.gradio.app:443)
2023-04-02 20:07:18 DEBUG - Starting new HTTPS connection (1): api.gradio.app:443)
2023-04-02 20:07:20 DEBUG - https://api.gradio.app:443 "POST /gradio-launched-analytics/ HTTP/1.1" 200 None)
2023-04-02 20:07:20 DEBUG - https://api.gradio.app:443 "POST /gradio-launched-telemetry/ HTTP/1.1" 200 None)
2023-04-06 07:48:09 DEBUG - Starting new HTTPS connection (1): checkip.amazonaws.com:443)
2023-04-06 07:48:10 DEBUG - https://checkip.amazonaws.com:443 "GET / HTTP/1.1" 200 13)
2023-04-06 07:48:10 DEBUG - Encoding detection: ascii is most likely the one.)
2023-04-06 07:48:10 DEBUG - Starting new HTTPS connection (1): api.gradio.app:443)
2023-04-06 07:48:10 DEBUG - Starting new HTTPS connection (1): api.gradio.app:443)
2023-04-06 07:48:11 DEBUG - https://api.gradio.app:443 "GET /pkg-version HTTP/1.1" 200 21)
2023-04-06 07:48:11 DEBUG - entering code: StateBlock(line=0,level=0,tokens=0), 0, 1, False)
2023-04-06 07:48:11 DEBUG - entering fence: StateBlock(line=0,level=0,tokens=0), 0, 1, False)
2023-04-06 07:48:11 DEBUG - entering blockquote: StateBlock(line=0,level=0,tokens=0), 0, 1, False)
2023-04-06 07:48:11 DEBUG - entering hr: StateBlock(line=0,level=0,tokens=0), 0, 1, False)
2023-04-06 07:48:11 DEBUG - entering list: StateBlock(line=0,level=0,tokens=0), 0, 1, False)
2023-04-06 07:48:11 DEBUG - entering reference: StateBlock(line=0,level=0,tokens=0), 0, 1, False)
2023-04-06 07:48:11 DEBUG - entering html_block: StateBlock(line=0,level=0,tokens=0), 0, 1, False)
2023-04-06 07:48:11 DEBUG - Using selector: SelectSelector)
2023-04-06 07:48:11 DEBUG - Using selector: SelectSelector)
2023-04-06 07:48:11 DEBUG - https://api.gradio.app:443 "POST /gradio-initiated-analytics/ HTTP/1.1" 200 None)
2023-04-06 07:48:11 DEBUG - Starting new HTTP connection (1): 127.0.0.1:7860)
2023-04-06 07:48:11 DEBUG - http://127.0.0.1:7860 "GET /startup-events HTTP/1.1" 200 5)
2023-04-06 07:48:11 DEBUG - Starting new HTTP connection (1): 127.0.0.1:7860)
2023-04-06 07:48:12 DEBUG - http://127.0.0.1:7860 "HEAD / HTTP/1.1" 200 0)
2023-04-06 07:48:12 DEBUG - Starting new HTTPS connection (1): api.gradio.app:443)
2023-04-06 07:48:17 DEBUG - https://api.gradio.app:443 "GET /v2/tunnel-request HTTP/1.1" 200 None)
2023-04-06 07:48:24 DEBUG - Starting new HTTPS connection (1): api.gradio.app:443)
2023-04-06 07:48:24 DEBUG - Starting new HTTPS connection (1): api.gradio.app:443)
2023-04-06 07:48:25 DEBUG - https://api.gradio.app:443 "POST /gradio-launched-analytics/ HTTP/1.1" 200 None)
2023-04-06 07:48:25 DEBUG - https://api.gradio.app:443 "POST /gradio-launched-telemetry/ HTTP/1.1" 200 None)
2023-04-10 21:21:04 DEBUG - Starting new HTTPS connection (1): checkip.amazonaws.com:443)
2023-04-10 21:21:05 DEBUG - https://checkip.amazonaws.com:443 "GET / HTTP/1.1" 200 13)
2023-04-10 21:21:05 DEBUG - Encoding detection: ascii is most likely the one.)
2023-04-10 21:21:05 DEBUG - Starting new HTTPS connection (1): api.gradio.app:443)
2023-04-10 21:21:05 DEBUG - Starting new HTTPS connection (1): api.gradio.app:443)
2023-04-10 21:21:06 DEBUG - https://api.gradio.app:443 "GET /pkg-version HTTP/1.1" 200 21)
2023-04-10 21:21:06 DEBUG - entering code: StateBlock(line=0,level=0,tokens=0), 0, 1, False)
2023-04-10 21:21:06 DEBUG - entering fence: StateBlock(line=0,level=0,tokens=0), 0, 1, False)
2023-04-10 21:21:06 DEBUG - entering blockquote: StateBlock(line=0,level=0,tokens=0), 0, 1, False)
2023-04-10 21:21:06 DEBUG - entering hr: StateBlock(line=0,level=0,tokens=0), 0, 1, False)
2023-04-10 21:21:06 DEBUG - entering list: StateBlock(line=0,level=0,tokens=0), 0, 1, False)
2023-04-10 21:21:06 DEBUG - entering reference: StateBlock(line=0,level=0,tokens=0), 0, 1, False)
2023-04-10 21:21:06 DEBUG - entering html_block: StateBlock(line=0,level=0,tokens=0), 0, 1, False)
2023-04-10 21:21:06 DEBUG - Using selector: SelectSelector)
2023-04-10 21:21:06 DEBUG - https://api.gradio.app:443 "POST /gradio-initiated-analytics/ HTTP/1.1" 200 None)
2023-04-10 21:21:06 DEBUG - Using selector: SelectSelector)
2023-04-10 21:21:07 DEBUG - Starting new HTTP connection (1): localhost:7000)
2023-04-10 21:21:09 DEBUG - http://localhost:7000 "GET /startup-events HTTP/1.1" 200 5)
2023-04-10 21:21:09 DEBUG - Starting new HTTP connection (1): localhost:7000)
2023-04-10 21:21:11 DEBUG - http://localhost:7000 "HEAD / HTTP/1.1" 200 0)
2023-04-10 21:21:11 DEBUG - Starting new HTTPS connection (1): api.gradio.app:443)
2023-04-10 21:21:11 DEBUG - Starting new HTTPS connection (1): api.gradio.app:443)
2023-04-10 21:21:12 DEBUG - https://api.gradio.app:443 "POST /gradio-launched-analytics/ HTTP/1.1" 200 None)
2023-04-10 21:21:13 DEBUG - https://api.gradio.app:443 "POST /gradio-launched-telemetry/ HTTP/1.1" 200 None)
2023-04-10 21:22:51 DEBUG - Starting new HTTPS connection (1): checkip.amazonaws.com:443)
2023-04-10 21:22:52 DEBUG - https://checkip.amazonaws.com:443 "GET / HTTP/1.1" 200 13)
2023-04-10 21:22:52 DEBUG - Encoding detection: ascii is most likely the one.)
2023-04-10 21:22:52 DEBUG - Starting new HTTPS connection (1): api.gradio.app:443)
2023-04-10 21:22:52 DEBUG - Starting new HTTPS connection (1): api.gradio.app:443)
2023-04-10 21:22:54 DEBUG - https://api.gradio.app:443 "GET /pkg-version HTTP/1.1" 200 21)
2023-04-10 21:22:54 DEBUG - entering code: StateBlock(line=0,level=0,tokens=0), 0, 1, False)
2023-04-10 21:22:54 DEBUG - entering fence: StateBlock(line=0,level=0,tokens=0), 0, 1, False)
2023-04-10 21:22:54 DEBUG - entering blockquote: StateBlock(line=0,level=0,tokens=0), 0, 1, False)
2023-04-10 21:22:54 DEBUG - entering hr: StateBlock(line=0,level=0,tokens=0), 0, 1, False)
2023-04-10 21:22:54 DEBUG - entering list: StateBlock(line=0,level=0,tokens=0), 0, 1, False)
2023-04-10 21:22:54 DEBUG - entering reference: StateBlock(line=0,level=0,tokens=0), 0, 1, False)
2023-04-10 21:22:54 DEBUG - entering html_block: StateBlock(line=0,level=0,tokens=0), 0, 1, False)
2023-04-10 21:22:54 DEBUG - Using selector: SelectSelector)
2023-04-10 21:22:54 DEBUG - Using selector: SelectSelector)
2023-04-10 21:22:54 DEBUG - https://api.gradio.app:443 "POST /gradio-initiated-analytics/ HTTP/1.1" 200 None)
2023-04-10 21:22:54 DEBUG - Starting new HTTP connection (1): localhost:7000)
2023-04-10 21:22:56 DEBUG - http://localhost:7000 "GET /startup-events HTTP/1.1" 200 5)
2023-04-10 21:22:56 DEBUG - Starting new HTTP connection (1): localhost:7000)
2023-04-10 21:22:58 DEBUG - http://localhost:7000 "HEAD / HTTP/1.1" 200 0)
2023-04-10 21:22:58 DEBUG - Starting new HTTPS connection (1): api.gradio.app:443)
2023-04-10 21:23:00 DEBUG - https://api.gradio.app:443 "GET /v2/tunnel-request HTTP/1.1" 200 None)
2023-04-10 21:23:13 DEBUG - Starting new HTTPS connection (1): api.gradio.app:443)
2023-04-10 21:23:13 DEBUG - Starting new HTTPS connection (1): api.gradio.app:443)
2023-04-10 21:23:14 DEBUG - https://api.gradio.app:443 "POST /gradio-launched-telemetry/ HTTP/1.1" 200 None)
2023-04-10 21:23:15 DEBUG - https://api.gradio.app:443 "POST /gradio-launched-analytics/ HTTP/1.1" 200 None)
2023-04-10 21:38:48 DEBUG - Starting new HTTPS connection (1): checkip.amazonaws.com:443)
2023-04-10 21:38:48 DEBUG - https://api.gradio.app:443 "GET /gradio-messaging/en HTTP/1.1" 200 3)
2023-04-10 21:38:49 DEBUG - https://checkip.amazonaws.com:443 "GET / HTTP/1.1" 200 13)
2023-04-10 21:38:49 DEBUG - Encoding detection: ascii is most likely the one.)
2023-04-10 21:38:49 DEBUG - Starting new HTTPS connection (1): api.gradio.app:443)
2023-04-10 21:38:49 DEBUG - Starting new HTTPS connection (1): api.gradio.app:443)
2023-04-10 21:38:50 DEBUG - https://api.gradio.app:443 "GET /pkg-version HTTP/1.1" 200 21)
2023-04-10 21:38:50 DEBUG - entering code: StateBlock(line=0,level=0,tokens=0), 0, 1, False)
2023-04-10 21:38:50 DEBUG - entering fence: StateBlock(line=0,level=0,tokens=0), 0, 1, False)
2023-04-10 21:38:50 DEBUG - entering blockquote: StateBlock(line=0,level=0,tokens=0), 0, 1, False)
2023-04-10 21:38:50 DEBUG - entering hr: StateBlock(line=0,level=0,tokens=0), 0, 1, False)
2023-04-10 21:38:50 DEBUG - entering list: StateBlock(line=0,level=0,tokens=0), 0, 1, False)
2023-04-10 21:38:50 DEBUG - entering reference: StateBlock(line=0,level=0,tokens=0), 0, 1, False)
2023-04-10 21:38:50 DEBUG - entering html_block: StateBlock(line=0,level=0,tokens=0), 0, 1, False)
2023-04-10 21:38:50 DEBUG - Using selector: SelectSelector)
2023-04-10 21:38:50 DEBUG - https://api.gradio.app:443 "POST /gradio-initiated-analytics/ HTTP/1.1" 200 None)
2023-04-10 21:38:50 DEBUG - Using selector: SelectSelector)
2023-04-10 21:38:50 DEBUG - Starting new HTTP connection (1): localhost:7860)
2023-04-10 21:38:52 DEBUG - http://localhost:7860 "GET /startup-events HTTP/1.1" 200 5)
2023-04-10 21:38:52 DEBUG - Starting new HTTP connection (1): localhost:7860)
2023-04-10 21:38:54 DEBUG - http://localhost:7860 "HEAD / HTTP/1.1" 200 0)
2023-04-10 21:38:54 DEBUG - Starting new HTTPS connection (1): api.gradio.app:443)
2023-04-10 21:38:58 DEBUG - https://api.gradio.app:443 "GET /v2/tunnel-request HTTP/1.1" 200 None)
2023-04-10 21:38:59 DEBUG - Starting new HTTPS connection (1): api.gradio.app:443)
2023-04-10 21:38:59 DEBUG - Starting new HTTPS connection (1): api.gradio.app:443)
2023-04-10 21:39:00 DEBUG - https://api.gradio.app:443 "POST /gradio-launched-analytics/ HTTP/1.1" 200 None)
2023-04-10 21:39:01 DEBUG - https://api.gradio.app:443 "POST /gradio-launched-telemetry/ HTTP/1.1" 200 None)
2023-04-10 22:00:57 DEBUG - Starting new HTTPS connection (1): checkip.amazonaws.com:443)
2023-04-10 22:00:58 DEBUG - https://checkip.amazonaws.com:443 "GET / HTTP/1.1" 200 13)
2023-04-10 22:00:58 DEBUG - Encoding detection: ascii is most likely the one.)
2023-04-10 22:00:58 DEBUG - Starting new HTTPS connection (1): api.gradio.app:443)
2023-04-10 22:00:58 DEBUG - Starting new HTTPS connection (1): api.gradio.app:443)
2023-04-10 22:00:59 DEBUG - https://api.gradio.app:443 "GET /pkg-version HTTP/1.1" 200 21)
2023-04-10 22:00:59 DEBUG - entering code: StateBlock(line=0,level=0,tokens=0), 0, 1, False)
2023-04-10 22:00:59 DEBUG - entering fence: StateBlock(line=0,level=0,tokens=0), 0, 1, False)
2023-04-10 22:00:59 DEBUG - entering blockquote: StateBlock(line=0,level=0,tokens=0), 0, 1, False)
2023-04-10 22:00:59 DEBUG - entering hr: StateBlock(line=0,level=0,tokens=0), 0, 1, False)
2023-04-10 22:00:59 DEBUG - entering list: StateBlock(line=0,level=0,tokens=0), 0, 1, False)
2023-04-10 22:00:59 DEBUG - entering reference: StateBlock(line=0,level=0,tokens=0), 0, 1, False)
2023-04-10 22:00:59 DEBUG - entering html_block: StateBlock(line=0,level=0,tokens=0), 0, 1, False)
2023-04-10 22:00:59 DEBUG - Using selector: SelectSelector)
2023-04-10 22:00:59 DEBUG - Using selector: SelectSelector)
2023-04-10 22:00:59 DEBUG - https://api.gradio.app:443 "POST /gradio-initiated-analytics/ HTTP/1.1" 200 None)
2023-04-10 22:00:59 DEBUG - Starting new HTTP connection (1): localhost:7860)
2023-04-10 22:01:01 DEBUG - http://localhost:7860 "GET /startup-events HTTP/1.1" 200 5)
2023-04-10 22:01:01 DEBUG - Starting new HTTP connection (1): localhost:7860)
2023-04-10 22:01:03 DEBUG - http://localhost:7860 "HEAD / HTTP/1.1" 200 0)
2023-04-10 22:01:03 DEBUG - Starting new HTTPS connection (1): api.gradio.app:443)
2023-04-10 22:01:05 DEBUG - https://api.gradio.app:443 "GET /v2/tunnel-request HTTP/1.1" 200 None)
2023-04-10 22:01:07 DEBUG - Starting new HTTPS connection (1): api.gradio.app:443)
2023-04-10 22:01:07 DEBUG - Starting new HTTPS connection (1): api.gradio.app:443)
2023-04-10 22:01:08 DEBUG - https://api.gradio.app:443 "POST /gradio-launched-analytics/ HTTP/1.1" 200 None)
2023-04-10 22:01:08 DEBUG - https://api.gradio.app:443 "POST /gradio-launched-telemetry/ HTTP/1.1" 200 None)
2023-04-10 22:01:50 DEBUG - Starting new HTTPS connection (1): checkip.amazonaws.com:443)
2023-04-10 22:01:51 DEBUG - https://api.gradio.app:443 "GET /gradio-messaging/en HTTP/1.1" 200 3)
2023-04-10 22:01:52 DEBUG - https://checkip.amazonaws.com:443 "GET / HTTP/1.1" 200 13)
2023-04-10 22:01:52 DEBUG - Encoding detection: ascii is most likely the one.)
2023-04-10 22:01:52 DEBUG - Starting new HTTPS connection (1): api.gradio.app:443)
2023-04-10 22:01:52 DEBUG - Starting new HTTPS connection (1): api.gradio.app:443)
2023-04-10 22:01:53 DEBUG - https://api.gradio.app:443 "GET /pkg-version HTTP/1.1" 200 21)
2023-04-10 22:01:53 DEBUG - entering code: StateBlock(line=0,level=0,tokens=0), 0, 1, False)
2023-04-10 22:01:53 DEBUG - entering fence: StateBlock(line=0,level=0,tokens=0), 0, 1, False)
2023-04-10 22:01:53 DEBUG - entering blockquote: StateBlock(line=0,level=0,tokens=0), 0, 1, False)
2023-04-10 22:01:53 DEBUG - entering hr: StateBlock(line=0,level=0,tokens=0), 0, 1, False)
2023-04-10 22:01:53 DEBUG - entering list: StateBlock(line=0,level=0,tokens=0), 0, 1, False)
2023-04-10 22:01:53 DEBUG - entering reference: StateBlock(line=0,level=0,tokens=0), 0, 1, False)
2023-04-10 22:01:53 DEBUG - entering html_block: StateBlock(line=0,level=0,tokens=0), 0, 1, False)
2023-04-10 22:01:53 DEBUG - Using selector: SelectSelector)
2023-04-10 22:01:53 DEBUG - Using selector: SelectSelector)
2023-04-10 22:01:53 DEBUG - Starting new HTTP connection (1): 127.0.0.1:7860)
2023-04-10 22:01:53 DEBUG - http://127.0.0.1:7860 "GET /startup-events HTTP/1.1" 200 5)
2023-04-10 22:01:53 DEBUG - Starting new HTTP connection (1): 127.0.0.1:7860)
2023-04-10 22:01:53 DEBUG - https://api.gradio.app:443 "POST /gradio-initiated-analytics/ HTTP/1.1" 200 None)
2023-04-10 22:01:53 DEBUG - http://127.0.0.1:7860 "HEAD / HTTP/1.1" 200 0)
2023-04-10 22:01:53 DEBUG - Starting new HTTPS connection (1): api.gradio.app:443)
2023-04-10 22:01:56 DEBUG - https://api.gradio.app:443 "GET /v2/tunnel-request HTTP/1.1" 200 None)
2023-04-10 22:01:58 DEBUG - Starting new HTTPS connection (1): api.gradio.app:443)
2023-04-10 22:01:58 DEBUG - Starting new HTTPS connection (1): api.gradio.app:443)
2023-04-10 22:01:59 DEBUG - https://api.gradio.app:443 "POST /gradio-launched-analytics/ HTTP/1.1" 200 None)
2023-04-10 22:02:00 DEBUG - https://api.gradio.app:443 "POST /gradio-launched-telemetry/ HTTP/1.1" 200 None)
2023-04-10 22:25:01 DEBUG - Starting new HTTPS connection (1): checkip.amazonaws.com:443)
2023-04-10 22:25:02 DEBUG - https://checkip.amazonaws.com:443 "GET / HTTP/1.1" 200 13)
2023-04-10 22:25:02 DEBUG - Encoding detection: ascii is most likely the one.)
2023-04-10 22:25:02 DEBUG - Starting new HTTPS connection (1): api.gradio.app:443)
2023-04-10 22:25:02 DEBUG - Starting new HTTPS connection (1): api.gradio.app:443)
2023-04-10 22:25:03 DEBUG - https://api.gradio.app:443 "GET /pkg-version HTTP/1.1" 200 21)
2023-04-10 22:25:03 DEBUG - entering code: StateBlock(line=0,level=0,tokens=0), 0, 1, False)
2023-04-10 22:25:03 DEBUG - entering fence: StateBlock(line=0,level=0,tokens=0), 0, 1, False)
2023-04-10 22:25:03 DEBUG - entering blockquote: StateBlock(line=0,level=0,tokens=0), 0, 1, False)
2023-04-10 22:25:03 DEBUG - entering hr: StateBlock(line=0,level=0,tokens=0), 0, 1, False)
2023-04-10 22:25:03 DEBUG - entering list: StateBlock(line=0,level=0,tokens=0), 0, 1, False)
2023-04-10 22:25:03 DEBUG - entering reference: StateBlock(line=0,level=0,tokens=0), 0, 1, False)
2023-04-10 22:25:03 DEBUG - entering html_block: StateBlock(line=0,level=0,tokens=0), 0, 1, False)
2023-04-10 22:25:04 DEBUG - https://api.gradio.app:443 "POST /gradio-initiated-analytics/ HTTP/1.1" 200 None)
2023-04-10 22:25:04 DEBUG - Using selector: SelectSelector)
2023-04-10 22:25:04 DEBUG - Using selector: SelectSelector)
2023-04-10 22:25:06 DEBUG - Starting new HTTP connection (1): 127.0.0.1:7860)
2023-04-10 22:25:06 DEBUG - http://127.0.0.1:7860 "GET /startup-events HTTP/1.1" 200 5)
2023-04-10 22:25:06 DEBUG - Starting new HTTP connection (1): 127.0.0.1:7860)
2023-04-10 22:25:07 DEBUG - http://127.0.0.1:7860 "HEAD / HTTP/1.1" 200 0)
2023-04-10 22:25:08 DEBUG - Starting new HTTPS connection (1): api.gradio.app:443)
2023-04-10 22:25:13 DEBUG - https://api.gradio.app:443 "GET /v2/tunnel-request HTTP/1.1" 200 None)
2023-04-10 22:25:14 DEBUG - Starting new HTTPS connection (1): api.gradio.app:443)
2023-04-10 22:25:14 DEBUG - Starting new HTTPS connection (1): api.gradio.app:443)
2023-04-10 22:25:15 DEBUG - https://api.gradio.app:443 "POST /gradio-launched-analytics/ HTTP/1.1" 200 None)
2023-04-10 22:25:15 DEBUG - https://api.gradio.app:443 "POST /gradio-launched-telemetry/ HTTP/1.1" 200 None)
2023-04-10 23:58:25 DEBUG - Starting new HTTPS connection (1): checkip.amazonaws.com:443)
2023-04-10 23:58:26 DEBUG - https://checkip.amazonaws.com:443 "GET / HTTP/1.1" 200 13)
2023-04-10 23:58:26 DEBUG - Encoding detection: ascii is most likely the one.)
2023-04-10 23:58:26 DEBUG - Starting new HTTPS connection (1): api.gradio.app:443)
2023-04-10 23:58:26 DEBUG - Starting new HTTPS connection (1): api.gradio.app:443)
2023-04-10 23:58:27 DEBUG - https://api.gradio.app:443 "GET /pkg-version HTTP/1.1" 200 21)
2023-04-10 23:58:27 DEBUG - entering code: StateBlock(line=0,level=0,tokens=0), 0, 1, False)
2023-04-10 23:58:27 DEBUG - entering fence: StateBlock(line=0,level=0,tokens=0), 0, 1, False)
2023-04-10 23:58:27 DEBUG - entering blockquote: StateBlock(line=0,level=0,tokens=0), 0, 1, False)
2023-04-10 23:58:27 DEBUG - entering hr: StateBlock(line=0,level=0,tokens=0), 0, 1, False)
2023-04-10 23:58:27 DEBUG - entering list: StateBlock(line=0,level=0,tokens=0), 0, 1, False)
2023-04-10 23:58:27 DEBUG - entering reference: StateBlock(line=0,level=0,tokens=0), 0, 1, False)
2023-04-10 23:58:27 DEBUG - entering html_block: StateBlock(line=0,level=0,tokens=0), 0, 1, False)
2023-04-10 23:58:27 DEBUG - Using selector: SelectSelector)
2023-04-10 23:58:27 DEBUG - https://api.gradio.app:443 "POST /gradio-initiated-analytics/ HTTP/1.1" 200 None)
2023-04-10 23:58:28 DEBUG - Using selector: SelectSelector)
2023-04-10 23:58:28 DEBUG - Starting new HTTP connection (1): 127.0.0.1:7860)
2023-04-10 23:58:28 DEBUG - http://127.0.0.1:7860 "GET /startup-events HTTP/1.1" 200 5)
2023-04-10 23:58:28 DEBUG - Starting new HTTP connection (1): 127.0.0.1:7860)
2023-04-10 23:58:30 DEBUG - http://127.0.0.1:7860 "HEAD / HTTP/1.1" 200 0)
2023-04-10 23:58:30 DEBUG - Starting new HTTPS connection (1): api.gradio.app:443)
2023-04-10 23:58:30 DEBUG - Starting new HTTPS connection (1): api.gradio.app:443)
2023-04-10 23:58:31 DEBUG - https://api.gradio.app:443 "POST /gradio-launched-analytics/ HTTP/1.1" 200 None)
2023-04-10 23:58:31 DEBUG - https://api.gradio.app:443 "POST /gradio-launched-telemetry/ HTTP/1.1" 200 None)
2023-04-11 12:47:36 DEBUG - Starting new HTTPS connection (1): checkip.amazonaws.com:443)
2023-04-11 12:47:37 DEBUG - https://checkip.amazonaws.com:443 "GET / HTTP/1.1" 200 13)
2023-04-11 12:47:37 DEBUG - Starting new HTTPS connection (1): api.gradio.app:443)
2023-04-11 12:47:38 DEBUG - https://api.gradio.app:443 "POST /gradio-initiated-analytics/ HTTP/1.1" 200 None)
2023-04-11 12:47:38 DEBUG - Starting new HTTPS connection (1): api.gradio.app:443)
2023-04-11 12:47:40 DEBUG - https://api.gradio.app:443 "POST /gradio-initiated-analytics/ HTTP/1.1" 200 None)
2023-04-11 12:47:41 DEBUG - Starting new HTTPS connection (1): api.gradio.app:443)
2023-04-11 12:47:42 DEBUG - https://api.gradio.app:443 "GET /pkg-version HTTP/1.1" 200 21)
2023-04-11 12:47:42 DEBUG - entering code: StateBlock(line=0,level=0,tokens=0), 0, 1, False)
2023-04-11 12:47:42 DEBUG - entering fence: StateBlock(line=0,level=0,tokens=0), 0, 1, False)
2023-04-11 12:47:42 DEBUG - entering blockquote: StateBlock(line=0,level=0,tokens=0), 0, 1, False)
2023-04-11 12:47:42 DEBUG - entering hr: StateBlock(line=0,level=0,tokens=0), 0, 1, False)
2023-04-11 12:47:42 DEBUG - entering list: StateBlock(line=0,level=0,tokens=0), 0, 1, False)
2023-04-11 12:47:42 DEBUG - entering reference: StateBlock(line=0,level=0,tokens=0), 0, 1, False)
2023-04-11 12:47:42 DEBUG - entering html_block: StateBlock(line=0,level=0,tokens=0), 0, 1, False)
2023-04-11 12:47:42 DEBUG - Using selector: SelectSelector)
2023-04-11 12:47:42 DEBUG - Using selector: SelectSelector)
2023-04-11 12:47:43 DEBUG - Starting new HTTP connection (1): 127.0.0.1:7860)
2023-04-11 12:47:43 DEBUG - http://127.0.0.1:7860 "GET /startup-events HTTP/1.1" 200 4)
2023-04-11 12:47:43 DEBUG - Starting new HTTP connection (1): 127.0.0.1:7860)
2023-04-11 12:47:45 DEBUG - http://127.0.0.1:7860 "HEAD / HTTP/1.1" 200 0)
2023-04-11 12:47:45 DEBUG - Starting new HTTPS connection (1): api.gradio.app:443)
2023-04-11 12:47:46 DEBUG - https://api.gradio.app:443 "POST /gradio-launched-analytics/ HTTP/1.1" 200 None)
